2026-03-31 09:43:29 [INFO] ============================================================
2026-03-31 09:43:29 [INFO] ⚡ MORPHEUS DAEMON v0.2.0 booting
2026-03-31 09:43:29 [INFO]   Workspace: /root/.openclaw/workspace
2026-03-31 09:43:29 [INFO]   Spine: /root/.openclaw/workspace/soul/cognition/morpheus_spine.jsonl
2026-03-31 09:43:29 [INFO]   Interval: 300s
2026-03-31 09:43:29 [INFO]   Degradation: FULL
2026-03-31 09:43:29 [INFO] ============================================================
2026-03-31 09:43:29 [INFO] 💓 Heartbeat #2
2026-03-31 09:43:29 [INFO]   Strongest memories: last_boot(0.95), pending_tasks(0.95)
2026-03-31 09:43:29 [INFO]   📝 2026-03-31.md: 62 lines
2026-03-31 09:43:29 [INFO]   📦 Auto-committed: cc51cb4
2026-03-31 09:43:29 [INFO]   📋 Pending tasks: 6
2026-03-31 09:43:29 [INFO]   ✓ Cycle complete (2 events, 2 commits, 2 memories)
2026-03-31 09:48:29 [INFO] 💓 Heartbeat #3
2026-03-31 09:48:29 [INFO]   Strongest memories: pending_tasks(0.95), last_boot(0.90)
2026-03-31 09:48:29 [INFO]   📝 2026-03-31.md: 89 lines
2026-03-31 09:48:29 [INFO]   📦 Auto-committed: 0e34b02
2026-03-31 09:48:29 [INFO]   📋 Pending tasks: 4
2026-03-31 09:48:29 [INFO]   ✓ Cycle complete (3 events, 3 commits, 2 memories)
2026-03-31 09:53:30 [INFO] 💓 Heartbeat #4
2026-03-31 09:53:30 [INFO]   Strongest memories: pending_tasks(0.95), last_boot(0.86)
2026-03-31 09:53:30 [INFO]   📝 2026-03-31.md: 89 lines
2026-03-31 09:53:30 [INFO]   📦 Auto-committed: 3944e89
2026-03-31 09:53:30 [INFO]   📋 Pending tasks: 4
2026-03-31 09:53:30 [INFO]   ✓ Cycle complete (4 events, 4 commits, 2 memories)
2026-03-31 09:58:30 [INFO] 💓 Heartbeat #5
2026-03-31 09:58:30 [INFO]   Strongest memories: pending_tasks(0.95), last_boot(0.81)
2026-03-31 09:58:30 [INFO]   📝 2026-03-31.md: 99 lines
2026-03-31 09:58:30 [INFO]   📦 Auto-committed: 5cb8f57
2026-03-31 09:58:30 [INFO]   📋 Pending tasks: 4
2026-03-31 09:58:30 [INFO]   ✓ Cycle complete (5 events, 5 commits, 2 memories)
2026-03-31 10:03:30 [INFO] 💓 Heartbeat #6
2026-03-31 10:03:30 [INFO]   Strongest memories: pending_tasks(0.95), last_boot(0.77)
2026-03-31 10:03:30 [INFO]   📝 2026-03-31.md: 99 lines
2026-03-31 10:03:30 [INFO]   📦 Auto-committed: 07edea3
2026-03-31 10:03:30 [INFO]   📋 Pending tasks: 4
2026-03-31 10:03:30 [INFO]   ✓ Cycle complete (6 events, 6 commits, 2 memories)
2026-03-31 10:08:30 [INFO] 💓 Heartbeat #7
2026-03-31 10:08:30 [INFO]   Strongest memories: pending_tasks(0.95), last_boot(0.74)
2026-03-31 10:08:30 [INFO]   📝 2026-03-31.md: 99 lines
2026-03-31 10:08:30 [INFO]   📦 Auto-committed: 2e8f1d8
2026-03-31 10:08:30 [INFO]   📋 Pending tasks: 4
2026-03-31 10:08:30 [INFO]   ✓ Cycle complete (7 events, 7 commits, 2 memories)
2026-03-31 10:13:30 [INFO] 💓 Heartbeat #8
2026-03-31 10:13:30 [INFO]   Strongest memories: pending_tasks(0.95), last_boot(0.70)
2026-03-31 10:13:30 [INFO]   📝 2026-03-31.md: 99 lines
s: pending_tasks(0.95), last_boot(0.70)
2026-03-31 10:13:30 [INFO]   📝 2026-03-31.md: 99 lines
